  Source.cpp
C:\Users\alber\source\repos\ESTRUCTURAS DE DATOS\ESTRUCTURAS DE DATOS\Source.cpp(44,1): error C2664:  'HWND CreateDialogParamA(HINSTANCE,LPCSTR,HWND,DLGPROC,LPARAM)': el argumento 4 no puede convertirse de 'BOOL (__cdecl *)(HWND,UINT,WPARAM,LPARAM)' a 'DLGPROC'
C:\Users\alber\source\repos\ESTRUCTURAS DE DATOS\ESTRUCTURAS DE DATOS\Source.cpp(44,1): message :  Ninguna de las funciones con este nombre en el ámbito coincide con el tipo de destino
C:\Users\alber\source\repos\ESTRUCTURAS DE DATOS\ESTRUCTURAS DE DATOS\Source.cpp(76,18): warning C4244:  'return': conversión de 'INT_PTR' a 'BOOL'; posible pérdida de datos
C:\Users\alber\source\repos\ESTRUCTURAS DE DATOS\ESTRUCTURAS DE DATOS\Source.cpp(81,18): warning C4244:  'return': conversión de 'INT_PTR' a 'BOOL'; posible pérdida de datos
C:\Users\alber\source\repos\ESTRUCTURAS DE DATOS\ESTRUCTURAS DE DATOS\Source.cpp(104,4): error C2664:  'INT_PTR DialogBoxParamA(HINSTANCE,LPCSTR,HWND,DLGPROC,LPARAM)': el argumento 4 no puede convertirse de 'BOOL (__cdecl *)(HWND,UINT,WPARAM,LPARAM)' a 'DLGPROC'
C:\Users\alber\source\repos\ESTRUCTURAS DE DATOS\ESTRUCTURAS DE DATOS\Source.cpp(104,4): message :  Ninguna de las funciones con este nombre en el ámbito coincide con el tipo de destino
C:\Users\alber\source\repos\ESTRUCTURAS DE DATOS\ESTRUCTURAS DE DATOS\Source.cpp(110,14): warning C4244:  'inicializando': conversión de 'LRESULT' a 'int'; posible pérdida de datos
C:\Users\alber\source\repos\ESTRUCTURAS DE DATOS\ESTRUCTURAS DE DATOS\Source.cpp(129,6): error C2664:  'INT_PTR DialogBoxParamA(HINSTANCE,LPCSTR,HWND,DLGPROC,LPARAM)': el argumento 4 no puede convertirse de 'BOOL (__cdecl *)(HWND,UINT,WPARAM,LPARAM)' a 'DLGPROC'
C:\Users\alber\source\repos\ESTRUCTURAS DE DATOS\ESTRUCTURAS DE DATOS\Source.cpp(129,6): message :  Ninguna de las funciones con este nombre en el ámbito coincide con el tipo de destino
C:\Users\alber\source\repos\ESTRUCTURAS DE DATOS\ESTRUCTURAS DE DATOS\Source.cpp(148,5): error C2664:  'INT_PTR DialogBoxParamA(HINSTANCE,LPCSTR,HWND,DLGPROC,LPARAM)': el argumento 4 no puede convertirse de 'BOOL (__cdecl *)(HWND,UINT,WPARAM,LPARAM)' a 'DLGPROC'
C:\Users\alber\source\repos\ESTRUCTURAS DE DATOS\ESTRUCTURAS DE DATOS\Source.cpp(148,5): message :  Ninguna de las funciones con este nombre en el ámbito coincide con el tipo de destino
C:\Users\alber\source\repos\ESTRUCTURAS DE DATOS\ESTRUCTURAS DE DATOS\Source.cpp(195,18): warning C4244:  'return': conversión de 'INT_PTR' a 'BOOL'; posible pérdida de datos
C:\Users\alber\source\repos\ESTRUCTURAS DE DATOS\ESTRUCTURAS DE DATOS\Source.cpp(200,18): warning C4244:  'return': conversión de 'INT_PTR' a 'BOOL'; posible pérdida de datos
C:\Users\alber\source\repos\ESTRUCTURAS DE DATOS\ESTRUCTURAS DE DATOS\Source.cpp(256,18): warning C4244:  'return': conversión de 'INT_PTR' a 'BOOL'; posible pérdida de datos
C:\Users\alber\source\repos\ESTRUCTURAS DE DATOS\ESTRUCTURAS DE DATOS\Source.cpp(261,18): warning C4244:  'return': conversión de 'INT_PTR' a 'BOOL'; posible pérdida de datos
C:\Users\alber\source\repos\ESTRUCTURAS DE DATOS\ESTRUCTURAS DE DATOS\Source.cpp(336,2): error C4996:  'strcpy': This function or variable may be unsafe. Consider using strcpy_s instead. To disable deprecation, use _CRT_SECURE_NO_WARNINGS. See online help for details.
C:\Program Files (x86)\Windows Kits\10\Include\10.0.18362.0\ucrt\string.h(133): message :  vea la declaración de 'strcpy'
C:\Users\alber\source\repos\ESTRUCTURAS DE DATOS\ESTRUCTURAS DE DATOS\Source.cpp(340,2): error C4996:  'strcpy': This function or variable may be unsafe. Consider using strcpy_s instead. To disable deprecation, use _CRT_SECURE_NO_WARNINGS. See online help for details.
C:\Program Files (x86)\Windows Kits\10\Include\10.0.18362.0\ucrt\string.h(133): message :  vea la declaración de 'strcpy'
